TN:
SF:/Volumes/fiverr_dev/modules/packages/dist/js/Package.js
FN:23,_interopRequireDefault
FN:28,getInitialState
FN:31,getFeature
FN:52,setPrice
FN:55,render
FN:58,(anonymous_6)
FNF:6
FNH:1
FNDA:4,_interopRequireDefault
FNDA:0,getInitialState
FNDA:0,getFeature
FNDA:0,setPrice
FNDA:0,render
FNDA:0,(anonymous_6)
DA:3,1
DA:7,1
DA:9,1
DA:11,1
DA:13,1
DA:15,1
DA:17,1
DA:19,1
DA:21,1
DA:23,4
DA:25,1
DA:29,0
DA:32,0
DA:34,0
DA:35,0
DA:39,0
DA:40,0
DA:45,0
DA:53,0
DA:56,0
DA:58,0
DA:60,0
DA:63,0
DA:101,1
LF:24
LH:12
BRDA:23,1,0,1
BRDA:23,1,1,3
BRDA:23,2,0,4
BRDA:23,2,1,4
BRDA:34,3,0,0
BRDA:34,3,1,0
BRDA:39,4,0,0
BRDA:39,4,1,0
BRF:8
BRH:4
end_of_record
TN:
SF:/Volumes/fiverr_dev/modules/packages/dist/js/PackageComponent.js
FN:23,_interopRequireDefault
FN:25,PackageComponent
FN:29,init
FN:34,getData
FN:40,renderComponent
FNF:5
FNH:1
FNDA:5,_interopRequireDefault
FNDA:0,PackageComponent
FNDA:0,init
FNDA:0,getData
FNDA:0,renderComponent
DA:3,1
DA:5,1
DA:7,1
DA:9,1
DA:11,1
DA:13,1
DA:15,1
DA:17,1
DA:19,1
DA:21,1
DA:23,5
DA:25,1
DA:27,0
DA:29,1
DA:30,0
DA:31,0
DA:34,1
DA:35,0
DA:37,0
DA:40,1
DA:41,0
DA:49,0
DA:54,1
LF:23
LH:16
BRDA:23,1,0,2
BRDA:23,1,1,3
BRDA:23,2,0,5
BRDA:23,2,1,5
BRF:4
BRH:4
end_of_record
TN:
SF:/Volumes/fiverr_dev/modules/packages/dist/js/PackageHeader.js
FN:11,_interopRequireDefault
FN:16,render
FNF:2
FNH:1
FNDA:1,_interopRequireDefault
FNDA:0,render
DA:3,1
DA:7,1
DA:9,1
DA:11,1
DA:13,1
DA:17,0
DA:25,1
LF:7
LH:6
BRDA:11,1,0,0
BRDA:11,1,1,1
BRDA:11,2,0,1
BRDA:11,2,1,1
BRF:4
BRH:3
end_of_record
TN:
SF:/Volumes/fiverr_dev/modules/packages/dist/js/PackageList.js
FN:15,_interopRequireDefault
FN:21,getInitialState
FN:25,render
FN:26,(anonymous_4)
FNF:4
FNH:1
FNDA:2,_interopRequireDefault
FNDA:0,getInitialState
FNDA:0,render
FNDA:0,(anonymous_4)
DA:3,1
DA:7,1
DA:9,1
DA:11,1
DA:13,1
DA:15,2
DA:17,1
DA:22,0
DA:26,0
DA:28,0
DA:38,0
DA:47,1
LF:12
LH:8
BRDA:15,1,0,1
BRDA:15,1,1,1
BRDA:15,2,0,2
BRDA:15,2,1,2
BRF:4
BRH:4
end_of_record
TN:
SF:/Volumes/fiverr_dev/modules/packages/dist/js/features/BooleanFeature.js
FN:9,render
FNF:1
FNH:0
FNDA:0,render
DA:3,1
DA:5,1
DA:12,0
DA:23,1
LF:4
LH:3
BRF:0
BRH:0
end_of_record
TN:
SF:/Volumes/fiverr_dev/modules/packages/dist/js/features/InputFeature.js
FN:11,_interopRequireDefault
FN:17,radioChanged
FN:21,getInput
FN:35,render
FN:39,(anonymous_5)
FNF:5
FNH:1
FNDA:1,_interopRequireDefault
FNDA:0,radioChanged
FNDA:0,getInput
FNDA:0,render
FNDA:0,(anonymous_5)
DA:3,1
DA:7,1
DA:9,1
DA:11,1
DA:13,1
DA:18,0
DA:22,0
DA:36,0
DA:39,0
DA:40,0
DA:43,0
DA:54,1
LF:12
LH:6
BRDA:11,1,0,0
BRDA:11,1,1,1
BRDA:11,2,0,1
BRDA:11,2,1,1
BRF:4
BRH:3
end_of_record
TN:
SF:/Volumes/fiverr_dev/modules/packages/dist/js/features/RadioInput.js
FN:7,_interopRequireDefault
FN:13,getInitialState
FN:17,onChange
FN:23,render
FNF:4
FNH:0
FNDA:0,_interopRequireDefault
FNDA:0,getInitialState
FNDA:0,onChange
FNDA:0,render
DA:3,0
DA:5,0
DA:7,1
DA:9,0
DA:14,0
DA:18,0
DA:19,0
DA:20,0
DA:24,0
DA:34,0
LF:10
LH:1
BRDA:7,1,0,0
BRDA:7,1,1,0
BRDA:7,2,0,0
BRDA:7,2,1,0
BRF:4
BRH:0
end_of_record
TN:
SF:/Volumes/fiverr_dev/modules/packages/dist/js/features/TextFeature.js
FN:9,render
FNF:1
FNH:0
FNDA:0,render
DA:3,1
DA:5,1
DA:12,0
DA:23,1
LF:4
LH:3
BRF:0
BRH:0
end_of_record
